app/build/intermediates/manifest_merge_blame_file/debug/manifest-merger-blame-debug-report.txt
1<?xml version="1.0" encoding="utf-8"?>
2<manifest xmlns:android="http://schemas.android.com/apk/res/android"
3    package="com.example.qalendar"
4    android:versionCode="1"
5    android:versionName="1.0" >
6
7    <uses-sdk
8        android:minSdkVersion="33"
8-->src\main\AndroidManifest.xml
9        android:targetSdkVersion="33" />
9-->src\main\AndroidManifest.xml
10
11    <!-- Include required permissions for Analytics to run. -->
12    <uses-permission android:name="android.permission.INTERNET" />
12-->[com.google.android.gms:play-services-analytics:18.0.2] AndroidManifest.xml:23:5-67
12-->[com.google.android.gms:play-services-analytics:18.0.2] AndroidManifest.xml:23:22-64
13    <uses-permission android:name="android.permission.ACCESS_NETWORK_STATE" /> <!-- Optional permission for Analytics to run. -->
13-->[com.google.android.gms:play-services-analytics:18.0.2] AndroidManifest.xml:24:5-79
13-->[com.google.android.gms:play-services-analytics:18.0.2] AndroidManifest.xml:24:22-76
14    <uses-permission android:name="android.permission.WAKE_LOCK" />
14-->[com.google.android.gms:play-services-analytics:18.0.2] AndroidManifest.xml:27:5-68
14-->[com.google.android.gms:play-services-analytics:18.0.2] AndroidManifest.xml:27:22-65
15    <uses-permission android:name="android.permission.POST_NOTIFICATIONS" /> <!-- Required by older versions of Google Play services to create IID tokens -->
15-->[com.google.firebase:firebase-messaging:23.1.2] AndroidManifest.xml:25:5-77
15-->[com.google.firebase:firebase-messaging:23.1.2] AndroidManifest.xml:25:22-74
16    <uses-permission android:name="com.google.android.c2dm.permission.RECEIVE" />
16-->[com.google.firebase:firebase-messaging:23.1.2] AndroidManifest.xml:28:5-82
16-->[com.google.firebase:firebase-messaging:23.1.2] AndroidManifest.xml:28:22-79
17    <uses-permission android:name="com.google.android.gms.permission.AD_ID" />
17-->[com.google.android.gms:play-services-measurement-api:21.2.2] AndroidManifest.xml:25:5-79
17-->[com.google.android.gms:play-services-measurement-api:21.2.2] AndroidManifest.xml:25:22-76
18    <uses-permission android:name="com.google.android.finsky.permission.BIND_GET_INSTALL_REFERRER_SERVICE" />
18-->[com.google.android.gms:play-services-measurement:21.2.2] AndroidManifest.xml:26:5-110
18-->[com.google.android.gms:play-services-measurement:21.2.2] AndroidManifest.xml:26:22-107
19
20    <permission
20-->[androidx.core:core:1.10.1] AndroidManifest.xml:22:5-24:47
21        android:name="com.example.qalendar.DYNAMIC_RECEIVER_NOT_EXPORTED_PERMISSION"
21-->[androidx.core:core:1.10.1] AndroidManifest.xml:23:9-81
22        android:protectionLevel="signature" />
22-->[androidx.core:core:1.10.1] AndroidManifest.xml:24:9-44
23
24    <uses-permission android:name="com.example.qalendar.DYNAMIC_RECEIVER_NOT_EXPORTED_PERMISSION" />
24-->[androidx.core:core:1.10.1] AndroidManifest.xml:26:5-97
24-->[androidx.core:core:1.10.1] AndroidManifest.xml:26:22-94
25    <uses-permission android:name="android.permission.WRITE_EXTERNAL_STORAGE" />
26    <uses-permission android:name="android.permission.READ_PHONE_STATE" />
27    <uses-permission android:name="android.permission.READ_EXTERNAL_STORAGE" />
28
29    <application
29-->src\main\AndroidManifest.xml:5:5-42:19
30        android:allowBackup="true"
30-->src\main\AndroidManifest.xml:6:9-35
31        android:appComponentFactory="androidx.core.app.CoreComponentFactory"
31-->[androidx.core:core:1.10.1] AndroidManifest.xml:28:18-86
32        android:dataExtractionRules="@xml/data_extraction_rules"
32-->src\main\AndroidManifest.xml:7:9-65
33        android:debuggable="true"
34        android:extractNativeLibs="false"
35        android:fullBackupContent="@xml/backup_rules"
35-->src\main\AndroidManifest.xml:8:9-54
36        android:icon="@mipmap/ic_launcher"
36-->src\main\AndroidManifest.xml:9:9-43
37        android:label="@string/app_name"
37-->src\main\AndroidManifest.xml:10:9-41
38        android:supportsRtl="true"
38-->src\main\AndroidManifest.xml:11:9-35
39        android:testOnly="true"
40        android:theme="@style/Theme.Qalendar" >
40-->src\main\AndroidManifest.xml:12:9-46
41        <activity
41-->src\main\AndroidManifest.xml:14:9-16:40
42            android:name="com.example.qalendar.ColorPicker3"
42-->src\main\AndroidManifest.xml:15:13-41
43            android:exported="false" />
43-->src\main\AndroidManifest.xml:16:13-37
44        <activity
44-->src\main\AndroidManifest.xml:17:9-19:40
45            android:name="com.example.qalendar.DailyCalendarActivity"
45-->src\main\AndroidManifest.xml:18:13-50
46            android:exported="false" />
46-->src\main\AndroidManifest.xml:19:13-37
47        <activity
47-->src\main\AndroidManifest.xml:20:9-22:40
48            android:name="com.example.qalendar.WeeklyViewActivity"
48-->src\main\AndroidManifest.xml:21:13-47
49            android:exported="false" />
49-->src\main\AndroidManifest.xml:22:13-37
50        <activity
50-->src\main\AndroidManifest.xml:23:9-25:40
51            android:name="com.example.qalendar.EventEditActivity"
51-->src\main\AndroidManifest.xml:24:13-46
52            android:exported="false" />
52-->src\main\AndroidManifest.xml:25:13-37
53        <activity
53-->src\main\AndroidManifest.xml:26:9-28:40
54            android:name="com.example.qalendar.MonthlyViewActivity"
54-->src\main\AndroidManifest.xml:27:13-48
55            android:exported="false" />
55-->src\main\AndroidManifest.xml:28:13-37
56        <activity
56-->src\main\AndroidManifest.xml:29:9-37:20
57            android:name="com.example.qalendar.MainActivity"
57-->src\main\AndroidManifest.xml:30:13-41
58            android:exported="true" >
58-->src\main\AndroidManifest.xml:31:13-36
59            <intent-filter>
59-->src\main\AndroidManifest.xml:32:13-36:29
60                <action android:name="android.intent.action.MAIN" />
60-->src\main\AndroidManifest.xml:33:17-69
60-->src\main\AndroidManifest.xml:33:25-66
61
62                <category android:name="android.intent.category.LAUNCHER" />
62-->src\main\AndroidManifest.xml:35:17-77
62-->src\main\AndroidManifest.xml:35:27-74
63            </intent-filter>
64        </activity>
65
66        <meta-data
66-->src\main\AndroidManifest.xml:39:9-41:57
67            android:name="preloaded_fonts"
67-->src\main\AndroidManifest.xml:40:13-43
68            android:resource="@array/preloaded_fonts" />
68-->src\main\AndroidManifest.xml:41:13-54
69
70        <service
70-->[com.google.firebase:firebase-firestore-ktx:24.6.0] AndroidManifest.xml:11:9-17:19
71            android:name="com.google.firebase.components.ComponentDiscoveryService"
71-->[com.google.firebase:firebase-firestore-ktx:24.6.0] AndroidManifest.xml:12:13-84
72            android:directBootAware="true"
72-->[com.google.firebase:firebase-common:20.3.2] AndroidManifest.xml:34:13-43
73            android:exported="false" >
73-->[com.google.firebase:firebase-firestore-ktx:24.6.0] AndroidManifest.xml:13:13-37
74            <meta-data
74-->[com.google.firebase:firebase-firestore-ktx:24.6.0] AndroidManifest.xml:14:13-16:85
75                android:name="com.google.firebase.components:com.google.firebase.firestore.ktx.FirebaseFirestoreKtxRegistrar"
75-->[com.google.firebase:firebase-firestore-ktx:24.6.0] AndroidManifest.xml:15:17-126
76                android:value="com.google.firebase.components.ComponentRegistrar" />
76-->[com.google.firebase:firebase-firestore-ktx:24.6.0] AndroidManifest.xml:16:17-82
77            <meta-data
77-->[com.google.firebase:firebase-database-ktx:20.2.1] AndroidManifest.xml:14:13-16:85
78                android:name="com.google.firebase.components:com.google.firebase.database.ktx.FirebaseDatabaseKtxRegistrar"
78-->[com.google.firebase:firebase-database-ktx:20.2.1] AndroidManifest.xml:15:17-124
79                android:value="com.google.firebase.components.ComponentRegistrar" />
79-->[com.google.firebase:firebase-database-ktx:20.2.1] AndroidManifest.xml:16:17-82
80            <meta-data
80-->[com.google.firebase:firebase-database:20.2.1] AndroidManifest.xml:31:13-33:85
81                android:name="com.google.firebase.components:com.google.firebase.database.DatabaseRegistrar"
81-->[com.google.firebase:firebase-database:20.2.1] AndroidManifest.xml:32:17-109
82                android:value="com.google.firebase.components.ComponentRegistrar" />
82-->[com.google.firebase:firebase-database:20.2.1] AndroidManifest.xml:33:17-82
83            <meta-data
83-->[com.google.firebase:firebase-messaging:23.1.2] AndroidManifest.xml:55:13-57:85
84                android:name="com.google.firebase.components:com.google.firebase.messaging.FirebaseMessagingRegistrar"
84-->[com.google.firebase:firebase-messaging:23.1.2] AndroidManifest.xml:56:17-119
85                android:value="com.google.firebase.components.ComponentRegistrar" />
85-->[com.google.firebase:firebase-messaging:23.1.2] AndroidManifest.xml:57:17-82
86            <meta-data
86-->[com.google.firebase:firebase-firestore:24.6.0] AndroidManifest.xml:19:13-21:85
87                android:name="com.google.firebase.components:com.google.firebase.firestore.FirestoreRegistrar"
87-->[com.google.firebase:firebase-firestore:24.6.0] AndroidManifest.xml:20:17-111
88                android:value="com.google.firebase.components.ComponentRegistrar" />
88-->[com.google.firebase:firebase-firestore:24.6.0] AndroidManifest.xml:21:17-82
89            <meta-data
89-->[com.google.firebase:firebase-analytics-ktx:21.2.2] AndroidManifest.xml:11:13-13:85
90                android:name="com.google.firebase.components:com.google.firebase.analytics.ktx.FirebaseAnalyticsKtxRegistrar"
90-->[com.google.firebase:firebase-analytics-ktx:21.2.2] AndroidManifest.xml:12:17-126
91                android:value="com.google.firebase.components.ComponentRegistrar" />
91-->[com.google.firebase:firebase-analytics-ktx:21.2.2] AndroidManifest.xml:13:17-82
92            <meta-data
92-->[com.google.firebase:firebase-common-ktx:20.3.2] AndroidManifest.xml:14:13-16:85
93                android:name="com.google.firebase.components:com.google.firebase.ktx.FirebaseCommonKtxRegistrar"
93-->[com.google.firebase:firebase-common-ktx:20.3.2] AndroidManifest.xml:15:17-113
94                android:value="com.google.firebase.components.ComponentRegistrar" />
94-->[com.google.firebase:firebase-common-ktx:20.3.2] AndroidManifest.xml:16:17-82
95            <meta-data
95-->[com.google.firebase:firebase-datatransport:18.1.7] AndroidManifest.xml:27:13-29:85
96                android:name="com.google.firebase.components:com.google.firebase.datatransport.TransportRegistrar"
96-->[com.google.firebase:firebase-datatransport:18.1.7] AndroidManifest.xml:28:17-115
97                android:value="com.google.firebase.components.ComponentRegistrar" />
97-->[com.google.firebase:firebase-datatransport:18.1.7] AndroidManifest.xml:29:17-82
98            <meta-data
98-->[com.google.android.gms:play-services-measurement-api:21.2.2] AndroidManifest.xml:31:13-33:85
99                android:name="com.google.firebase.components:com.google.firebase.analytics.connector.internal.AnalyticsConnectorRegistrar"
99-->[com.google.android.gms:play-services-measurement-api:21.2.2] AndroidManifest.xml:32:17-139
100                android:value="com.google.firebase.components.ComponentRegistrar" />
100-->[com.google.android.gms:play-services-measurement-api:21.2.2] AndroidManifest.xml:33:17-82
101            <meta-data
101-->[com.google.firebase:firebase-installations:17.1.3] AndroidManifest.xml:17:13-19:85
102                android:name="com.google.firebase.components:com.google.firebase.installations.FirebaseInstallationsRegistrar"
102-->[com.google.firebase:firebase-installations:17.1.3] AndroidManifest.xml:18:17-127
103                android:value="com.google.firebase.components.ComponentRegistrar" />
103-->[com.google.firebase:firebase-installations:17.1.3] AndroidManifest.xml:19:17-82
104        </service>
105
106        <receiver
106-->[com.google.android.gms:play-services-analytics:18.0.2] AndroidManifest.xml:30:9-34:20
107            android:name="com.google.android.gms.analytics.AnalyticsReceiver"
107-->[com.google.android.gms:play-services-analytics:18.0.2] AndroidManifest.xml:31:13-78
108            android:enabled="true"
108-->[com.google.android.gms:play-services-analytics:18.0.2] AndroidManifest.xml:32:13-35
109            android:exported="false" >
109-->[com.google.android.gms:play-services-analytics:18.0.2] AndroidManifest.xml:33:13-37
110        </receiver>
111
112        <service
112-->[com.google.android.gms:play-services-analytics:18.0.2] AndroidManifest.xml:36:9-39:40
113            android:name="com.google.android.gms.analytics.AnalyticsService"
113-->[com.google.android.gms:play-services-analytics:18.0.2] AndroidManifest.xml:37:13-77
114            android:enabled="true"
114-->[com.google.android.gms:play-services-analytics:18.0.2] AndroidManifest.xml:38:13-35
115            android:exported="false" />
115-->[com.google.android.gms:play-services-analytics:18.0.2] AndroidManifest.xml:39:13-37
116        <service
116-->[com.google.android.gms:play-services-analytics:18.0.2] AndroidManifest.xml:40:9-44:72
117            android:name="com.google.android.gms.analytics.AnalyticsJobService"
117-->[com.google.android.gms:play-services-analytics:18.0.2] AndroidManifest.xml:41:13-80
118            android:enabled="true"
118-->[com.google.android.gms:play-services-analytics:18.0.2] AndroidManifest.xml:42:13-35
119            android:exported="false"
119-->[com.google.android.gms:play-services-analytics:18.0.2] AndroidManifest.xml:43:13-37
120            android:permission="android.permission.BIND_JOB_SERVICE" />
120-->[com.google.android.gms:play-services-analytics:18.0.2] AndroidManifest.xml:44:13-69
121
122        <activity
122-->[com.google.android.gms:play-services-auth:20.5.0] AndroidManifest.xml:23:9-27:75
123            android:name="com.google.android.gms.auth.api.signin.internal.SignInHubActivity"
123-->[com.google.android.gms:play-services-auth:20.5.0] AndroidManifest.xml:24:13-93
124            android:excludeFromRecents="true"
124-->[com.google.android.gms:play-services-auth:20.5.0] AndroidManifest.xml:25:13-46
125            android:exported="false"
125-->[com.google.android.gms:play-services-auth:20.5.0] AndroidManifest.xml:26:13-37
126            android:theme="@android:style/Theme.Translucent.NoTitleBar" />
126-->[com.google.android.gms:play-services-auth:20.5.0] AndroidManifest.xml:27:13-72
127        <!--
128            Service handling Google Sign-In user revocation. For apps that do not integrate with
129            Google Sign-In, this service will never be started.
130        -->
131        <service
131-->[com.google.android.gms:play-services-auth:20.5.0] AndroidManifest.xml:33:9-37:51
132            android:name="com.google.android.gms.auth.api.signin.RevocationBoundService"
132-->[com.google.android.gms:play-services-auth:20.5.0] AndroidManifest.xml:34:13-89
133            android:exported="true"
133-->[com.google.android.gms:play-services-auth:20.5.0] AndroidManifest.xml:35:13-36
134            android:permission="com.google.android.gms.auth.api.signin.permission.REVOCATION_NOTIFICATION"
134-->[com.google.android.gms:play-services-auth:20.5.0] AndroidManifest.xml:36:13-107
135            android:visibleToInstantApps="true" />
135-->[com.google.android.gms:play-services-auth:20.5.0] AndroidManifest.xml:37:13-48
136        <service
136-->[com.google.android.gms:play-services-tflite-gpu:16.2.0] AndroidManifest.xml:9:9-21:19
137            android:name="com.google.android.gms.metadata.ModuleDependencies"
137-->[com.google.android.gms:play-services-tflite-gpu:16.2.0] AndroidManifest.xml:10:13-78
138            android:enabled="false"
138-->[com.google.android.gms:play-services-tflite-gpu:16.2.0] AndroidManifest.xml:11:13-36
139            android:exported="false" >
139-->[com.google.android.gms:play-services-tflite-gpu:16.2.0] AndroidManifest.xml:12:13-37
140            <intent-filter>
140-->[com.google.android.gms:play-services-tflite-gpu:16.2.0] AndroidManifest.xml:14:13-16:29
141                <action android:name="com.google.android.gms.metadata.MODULE_DEPENDENCIES" />
141-->[com.google.android.gms:play-services-tflite-gpu:16.2.0] AndroidManifest.xml:15:17-94
141-->[com.google.android.gms:play-services-tflite-gpu:16.2.0] AndroidManifest.xml:15:25-91
142            </intent-filter>
143
144            <meta-data
144-->[com.google.android.gms:play-services-tflite-gpu:16.2.0] AndroidManifest.xml:18:13-20:36
145                android:name="tflite_gpu_dynamite:222612000:required"
145-->[com.google.android.gms:play-services-tflite-gpu:16.2.0] AndroidManifest.xml:19:17-70
146                android:value="" />
146-->[com.google.android.gms:play-services-tflite-gpu:16.2.0] AndroidManifest.xml:20:17-33
147            <meta-data
147-->[com.google.android.gms:play-services-tflite-impl:16.0.0] AndroidManifest.xml:18:13-20:36
148                android:name="tflite_dynamite:3:required"
148-->[com.google.android.gms:play-services-tflite-impl:16.0.0] AndroidManifest.xml:19:17-58
149                android:value="" />
149-->[com.google.android.gms:play-services-tflite-impl:16.0.0] AndroidManifest.xml:20:17-33
150        </service>
151
152        <receiver
152-->[com.google.firebase:firebase-messaging:23.1.2] AndroidManifest.xml:31:9-38:20
153            android:name="com.google.firebase.iid.FirebaseInstanceIdReceiver"
153-->[com.google.firebase:firebase-messaging:23.1.2] AndroidManifest.xml:32:13-78
154            android:exported="true"
154-->[com.google.firebase:firebase-messaging:23.1.2] AndroidManifest.xml:33:13-36
155            android:permission="com.google.android.c2dm.permission.SEND" >
155-->[com.google.firebase:firebase-messaging:23.1.2] AndroidManifest.xml:34:13-73
156            <intent-filter>
156-->[com.google.firebase:firebase-messaging:23.1.2] AndroidManifest.xml:35:13-37:29
157                <action android:name="com.google.android.c2dm.intent.RECEIVE" />
157-->[com.google.firebase:firebase-messaging:23.1.2] AndroidManifest.xml:36:17-81
157-->[com.google.firebase:firebase-messaging:23.1.2] AndroidManifest.xml:36:25-78
158            </intent-filter>
159        </receiver>
160        <!--
161             FirebaseMessagingService performs security checks at runtime,
162             but set to not exported to explicitly avoid allowing another app to call it.
163        -->
164        <service
164-->[com.google.firebase:firebase-messaging:23.1.2] AndroidManifest.xml:44:9-51:19
165            android:name="com.google.firebase.messaging.FirebaseMessagingService"
165-->[com.google.firebase:firebase-messaging:23.1.2] AndroidManifest.xml:45:13-82
166            android:directBootAware="true"
166-->[com.google.firebase:firebase-messaging:23.1.2] AndroidManifest.xml:46:13-43
167            android:exported="false" >
167-->[com.google.firebase:firebase-messaging:23.1.2] AndroidManifest.xml:47:13-37
168            <intent-filter android:priority="-500" >
168-->[com.google.firebase:firebase-messaging:23.1.2] AndroidManifest.xml:48:13-50:29
168-->[com.google.firebase:firebase-messaging:23.1.2] AndroidManifest.xml:48:28-51
169                <action android:name="com.google.firebase.MESSAGING_EVENT" />
169-->[com.google.firebase:firebase-messaging:23.1.2] AndroidManifest.xml:49:17-78
169-->[com.google.firebase:firebase-messaging:23.1.2] AndroidManifest.xml:49:25-75
170            </intent-filter>
171        </service>
172
173        <provider
173-->[com.google.firebase:firebase-common:20.3.2] AndroidManifest.xml:25:9-30:39
174            android:name="com.google.firebase.provider.FirebaseInitProvider"
174-->[com.google.firebase:firebase-common:20.3.2] AndroidManifest.xml:26:13-77
175            android:authorities="com.example.qalendar.firebaseinitprovider"
175-->[com.google.firebase:firebase-common:20.3.2] AndroidManifest.xml:27:13-72
176            android:directBootAware="true"
176-->[com.google.firebase:firebase-common:20.3.2] AndroidManifest.xml:28:13-43
177            android:exported="false"
177-->[com.google.firebase:firebase-common:20.3.2] AndroidManifest.xml:29:13-37
178            android:initOrder="100" />
178-->[com.google.firebase:firebase-common:20.3.2] AndroidManifest.xml:30:13-36
179
180        <receiver
180-->[com.google.android.gms:play-services-measurement:21.2.2] AndroidManifest.xml:29:9-33:20
181            android:name="com.google.android.gms.measurement.AppMeasurementReceiver"
181-->[com.google.android.gms:play-services-measurement:21.2.2] AndroidManifest.xml:30:13-85
182            android:enabled="true"
182-->[com.google.android.gms:play-services-measurement:21.2.2] AndroidManifest.xml:31:13-35
183            android:exported="false" >
183-->[com.google.android.gms:play-services-measurement:21.2.2] AndroidManifest.xml:32:13-37
184        </receiver>
185
186        <service
186-->[com.google.android.gms:play-services-measurement:21.2.2] AndroidManifest.xml:35:9-38:40
187            android:name="com.google.android.gms.measurement.AppMeasurementService"
187-->[com.google.android.gms:play-services-measurement:21.2.2] AndroidManifest.xml:36:13-84
188            android:enabled="true"
188-->[com.google.android.gms:play-services-measurement:21.2.2] AndroidManifest.xml:37:13-35
189            android:exported="false" />
189-->[com.google.android.gms:play-services-measurement:21.2.2] AndroidManifest.xml:38:13-37
190        <service
190-->[com.google.android.gms:play-services-measurement:21.2.2] AndroidManifest.xml:39:9-43:72
191            android:name="com.google.android.gms.measurement.AppMeasurementJobService"
191-->[com.google.android.gms:play-services-measurement:21.2.2] AndroidManifest.xml:40:13-87
192            android:enabled="true"
192-->[com.google.android.gms:play-services-measurement:21.2.2] AndroidManifest.xml:41:13-35
193            android:exported="false"
193-->[com.google.android.gms:play-services-measurement:21.2.2] AndroidManifest.xml:42:13-37
194            android:permission="android.permission.BIND_JOB_SERVICE" />
194-->[com.google.android.gms:play-services-measurement:21.2.2] AndroidManifest.xml:43:13-69
195
196        <activity
196-->[com.google.android.gms:play-services-base:18.1.0] AndroidManifest.xml:20:9-22:45
197            android:name="com.google.android.gms.common.api.GoogleApiActivity"
197-->[com.google.android.gms:play-services-base:18.1.0] AndroidManifest.xml:20:19-85
198            android:exported="false"
198-->[com.google.android.gms:play-services-base:18.1.0] AndroidManifest.xml:22:19-43
199            android:theme="@android:style/Theme.Translucent.NoTitleBar" />
199-->[com.google.android.gms:play-services-base:18.1.0] AndroidManifest.xml:21:19-78
200
201        <meta-data
201-->[com.google.android.gms:play-services-basement:18.2.0] AndroidManifest.xml:21:9-23:69
202            android:name="com.google.android.gms.version"
202-->[com.google.android.gms:play-services-basement:18.2.0] AndroidManifest.xml:22:13-58
203            android:value="@integer/google_play_services_version" />
203-->[com.google.android.gms:play-services-basement:18.2.0] AndroidManifest.xml:23:13-66
204
205        <provider
205-->[androidx.emoji2:emoji2:1.2.0] AndroidManifest.xml:24:9-32:20
206            android:name="androidx.startup.InitializationProvider"
206-->[androidx.emoji2:emoji2:1.2.0] AndroidManifest.xml:25:13-67
207            android:authorities="com.example.qalendar.androidx-startup"
207-->[androidx.emoji2:emoji2:1.2.0] AndroidManifest.xml:26:13-68
208            android:exported="false" >
208-->[androidx.emoji2:emoji2:1.2.0] AndroidManifest.xml:27:13-37
209            <meta-data
209-->[androidx.emoji2:emoji2:1.2.0] AndroidManifest.xml:29:13-31:52
210                android:name="androidx.emoji2.text.EmojiCompatInitializer"
210-->[androidx.emoji2:emoji2:1.2.0] AndroidManifest.xml:30:17-75
211                android:value="androidx.startup" />
211-->[androidx.emoji2:emoji2:1.2.0] AndroidManifest.xml:31:17-49
212            <meta-data
212-->[androidx.lifecycle:lifecycle-process:2.4.1] AndroidManifest.xml:31:13-33:52
213                android:name="androidx.lifecycle.ProcessLifecycleInitializer"
213-->[androidx.lifecycle:lifecycle-process:2.4.1] AndroidManifest.xml:32:17-78
214                android:value="androidx.startup" />
214-->[androidx.lifecycle:lifecycle-process:2.4.1] AndroidManifest.xml:33:17-49
215        </provider>
216
217        <service
217-->[com.google.android.datatransport:transport-backend-cct:3.1.8] AndroidManifest.xml:28:9-34:19
218            android:name="com.google.android.datatransport.runtime.backends.TransportBackendDiscovery"
218-->[com.google.android.datatransport:transport-backend-cct:3.1.8] AndroidManifest.xml:29:13-103
219            android:exported="false" >
219-->[com.google.android.datatransport:transport-backend-cct:3.1.8] AndroidManifest.xml:30:13-37
220            <meta-data
220-->[com.google.android.datatransport:transport-backend-cct:3.1.8] AndroidManifest.xml:31:13-33:39
221                android:name="backend:com.google.android.datatransport.cct.CctBackendFactory"
221-->[com.google.android.datatransport:transport-backend-cct:3.1.8] AndroidManifest.xml:32:17-94
222                android:value="cct" />
222-->[com.google.android.datatransport:transport-backend-cct:3.1.8] AndroidManifest.xml:33:17-36
223        </service>
224        <service
224-->[com.google.android.datatransport:transport-runtime:3.1.8] AndroidManifest.xml:26:9-30:19
225            android:name="com.google.android.datatransport.runtime.scheduling.jobscheduling.JobInfoSchedulerService"
225-->[com.google.android.datatransport:transport-runtime:3.1.8] AndroidManifest.xml:27:13-117
226            android:exported="false"
226-->[com.google.android.datatransport:transport-runtime:3.1.8] AndroidManifest.xml:28:13-37
227            android:permission="android.permission.BIND_JOB_SERVICE" >
227-->[com.google.android.datatransport:transport-runtime:3.1.8] AndroidManifest.xml:29:13-69
228        </service>
229
230        <receiver
230-->[com.google.android.datatransport:transport-runtime:3.1.8] AndroidManifest.xml:32:9-34:40
231            android:name="com.google.android.datatransport.runtime.scheduling.jobscheduling.AlarmManagerSchedulerBroadcastReceiver"
231-->[com.google.android.datatransport:transport-runtime:3.1.8] AndroidManifest.xml:33:13-132
232            android:exported="false" />
232-->[com.google.android.datatransport:transport-runtime:3.1.8] AndroidManifest.xml:34:13-37
233    </application>
234
235</manifest>